<?xml version="1.0" encoding="UTF-8"?>
<!-- Generated by org.testng.reporters.JUnitReportReporter -->
<testsuite hostname="admin_pc" failures="0" tests="1" name="Scripts.TestCase2" time="4.101" errors="0" timestamp="2023-05-01T15:43:53 IST" skipped="0">
  <testcase classname="Scripts.TestCase2" name="testA" time="4.101"/>
  <system-out>
    <![CDATA[Google]]>
  </system-out>
</testsuite> <!-- Scripts.TestCase2 -->
