<?xml version="1.0" encoding="UTF-8"?>
<!-- Generated by org.testng.reporters.JUnitReportReporter -->
<testsuite hostname="admin_pc" failures="0" tests="1" name="Scripts.TestCase1" time="11.656" errors="0" timestamp="2023-05-20T19:37:53 IST" skipped="0">
  <testcase classname="Scripts.TestCase1" name="testA" time="11.656"/>
  <system-out>
    <![CDATA[actiTIME - Login
xl:sumitha]]>
  </system-out>
</testsuite> <!-- Scripts.TestCase1 -->
